<?xml version="1.0" encoding="UTF-8"?>
<!-- Generated by org.testng.reporters.JUnitReportReporter -->
<testsuite hostname="DESKTOP-7GAAMJD" failures="0" tests="8" name="TestCases.VerifyFilghtAnhorTag_c1" time="1.931" errors="1" timestamp="2023-08-18T12:03:59 IST" skipped="7">
  <testcase classname="TestCases.VerifyFilghtAnhorTag_c1" name="Setup" time="1.922">
    <error message="com.google.common.collect.ImmutableMap.of(Ljava/lang/Object;Ljava/lang/Object;Ljava/lang/Object;Ljava/lang/Object;Ljava/lang/Object;Ljava/lang/Object;Ljava/lang/Object;Ljava/lang/Object;Ljava/lang/Object;Ljava/lang/Object;Ljava/lang/Object;Ljava/lang/Object;)Lcom/google/common/collect/ImmutableMap;" type="java.lang.NoSuchMethodError">
      <![CDATA[java.lang.NoSuchMethodError: com.google.common.collect.ImmutableMap.of(Ljava/lang/Object;Ljava/lang/Object;Ljava/lang/Object;Ljava/lang/Object;Ljava/lang/Object;Ljava/lang/Object;Ljava/lang/Object;Ljava/lang/Object;Ljava/lang/Object;Ljava/lang/Object;Ljava/lang/Object;Ljava/lang/Object;)Lcom/google/common/collect/ImmutableMap;
at org.openqa.selenium.chrome.AddHasCasting.getAdditionalCommands(AddHasCasting.java:37)
at org.openqa.selenium.chrome.ChromeDriver$ChromeDriverCommandExecutor.getExtraCommands(ChromeDriver.java:120)
at org.openqa.selenium.chrome.ChromeDriver$ChromeDriverCommandExecutor.<init>(ChromeDriver.java:115)
at org.openqa.selenium.chrome.ChromeDriver.generateExecutor(ChromeDriver.java:105)
at org.openqa.selenium.chrome.ChromeDriver.<init>(ChromeDriver.java:88)
at org.openqa.selenium.chrome.ChromeDriver.<init>(ChromeDriver.java:83)
at org.openqa.selenium.chrome.ChromeDriver.<init>(ChromeDriver.java:72)
at MainProgramsMethod1.Utility12.getDriver(Utility12.java:35)
at TestCases.VerifyFilghtAnhorTag_c1.Setup(VerifyFilghtAnhorTag_c1.java:32)
at java.base/jdk.internal.reflect.NativeMethodAccessorImpl.invoke0(Native Method)
at java.base/jdk.internal.reflect.NativeMethodAccessorImpl.invoke(NativeMethodAccessorImpl.java:62)
at java.base/jdk.internal.reflect.DelegatingMethodAccessorImpl.invoke(DelegatingMethodAccessorImpl.java:43)
at java.base/java.lang.reflect.Method.invoke(Method.java:566)
at org.testng.internal.MethodInvocationHelper.invokeMethod(MethodInvocationHelper.java:133)
at org.testng.internal.MethodInvocationHelper.invokeMethodConsideringTimeout(MethodInvocationHelper.java:62)
at org.testng.internal.ConfigInvoker.invokeConfigurationMethod(ConfigInvoker.java:385)
at org.testng.internal.ConfigInvoker.invokeConfigurations(ConfigInvoker.java:321)
at org.testng.TestRunner.invokeTestConfigurations(TestRunner.java:637)
at org.testng.TestRunner.beforeRun(TestRunner.java:627)
at org.testng.TestRunner.run(TestRunner.java:589)
at org.testng.SuiteRunner.runTest(SuiteRunner.java:377)
at org.testng.SuiteRunner.runSequentially(SuiteRunner.java:371)
at org.testng.SuiteRunner.privateRun(SuiteRunner.java:332)
at org.testng.SuiteRunner.run(SuiteRunner.java:276)
at org.testng.SuiteRunnerWorker.runSuite(SuiteRunnerWorker.java:53)
at org.testng.SuiteRunnerWorker.run(SuiteRunnerWorker.java:96)
at org.testng.TestNG.runSuitesSequentially(TestNG.java:1212)
at org.testng.TestNG.runSuitesLocally(TestNG.java:1134)
at org.testng.TestNG.runSuites(TestNG.java:1063)
at org.testng.TestNG.run(TestNG.java:1031)
at org.testng.remote.AbstractRemoteTestNG.run(AbstractRemoteTestNG.java:115)
at org.testng.remote.RemoteTestNG.initAndRun(RemoteTestNG.java:251)
at org.testng.remote.RemoteTestNG.main(RemoteTestNG.java:77)
]]>
    </error>
  </testcase> <!-- Setup -->
  <system-out/>
  <testcase classname="TestCases.VerifyFilghtAnhorTag_c1" name="VerifyFlightlink" time="0.004">
    <skipped/>
  </testcase> <!-- VerifyFlightlink -->
  <system-out/>
  <testcase classname="TestCases.VerifyFilghtAnhorTag_c1" name="VerifyOneWayButton" time="0.002">
    <skipped/>
  </testcase> <!-- VerifyOneWayButton -->
  <system-out/>
  <testcase classname="TestCases.VerifyFilghtAnhorTag_c1" name="VerifyFromText" time="0.001">
    <skipped/>
  </testcase> <!-- VerifyFromText -->
  <system-out/>
  <testcase classname="TestCases.VerifyFilghtAnhorTag_c1" name="VerifyToText" time="0.000">
    <skipped/>
  </testcase> <!-- VerifyToText -->
  <system-out/>
  <testcase classname="TestCases.VerifyFilghtAnhorTag_c1" name="VerifyDepatureDate" time="0.001">
    <skipped/>
  </testcase> <!-- VerifyDepatureDate -->
  <system-out/>
  <testcase classname="TestCases.VerifyFilghtAnhorTag_c1" name="VerifyUrl" time="0.001">
    <skipped/>
  </testcase> <!-- VerifyUrl -->
  <system-out/>
  <testcase classname="TestCases.VerifyFilghtAnhorTag_c1" name="VerifypageTitie" time="0.000">
    <skipped/>
  </testcase> <!-- VerifypageTitie -->
  <system-out/>
</testsuite> <!-- TestCases.VerifyFilghtAnhorTag_c1 -->
