<?xml version="1.0" encoding="UTF-8"?>
<!-- Generated by org.testng.reporters.JUnitReportReporter -->
<testsuite hostname="DESKTOP-7GAAMJD" failures="0" tests="2" name="TestCases.ReadExcelData" time="61.575" errors="0" timestamp="2023-08-20T10:44:02 IST" skipped="0">
  <testcase classname="TestCases.ReadExcelData" name="VerifyExcelData" time="53.542"/>
  <system-out/>
  <testcase classname="TestCases.ReadExcelData" name="VerifyDataProviderUsingExcels" time="8.033"/>
  <system-out/>
</testsuite> <!-- TestCases.ReadExcelData -->
