<?xml version="1.0" encoding="UTF-8"?>
<!-- Generated by org.testng.reporters.JUnitReportReporter -->
<testsuite hostname="DESKTOP-7GAAMJD" failures="0" tests="1" name="TestCases.VerifyAvistraDropDown" time="22.119" errors="0" timestamp="2023-08-21T18:05:02 IST" skipped="0">
  <testcase classname="TestCases.VerifyAvistraDropDown" name="VerifyCountryDropdown" time="22.119"/>
  <system-out/>
</testsuite> <!-- TestCases.VerifyAvistraDropDown -->
