<?xml version="1.0" encoding="UTF-8"?>
<!-- Generated by org.testng.reporters.JUnitReportReporter -->
<testsuite hostname="DESKTOP-7GAAMJD" failures="0" tests="1" name="TestCases.VerifyMutiselectDropdown" time="19.032" errors="0" timestamp="2023-08-22T17:34:22 IST" skipped="0">
  <testcase classname="TestCases.VerifyMutiselectDropdown" name="verifymultiselctDropdown" time="19.032"/>
  <system-out/>
</testsuite> <!-- TestCases.VerifyMutiselectDropdown -->
