<?xml version="1.0" encoding="UTF-8"?>
<!-- Generated by org.testng.reporters.JUnitReportReporter -->
<testsuite hostname="DESKTOP-7GAAMJD" failures="0" tests="18" name="TestCases.VerifyOmayoPage" time="29.261" errors="0" timestamp="2023-08-21T19:31:40 IST" skipped="17">
  <testcase classname="TestCases.VerifyOmayoPage" name="VerifyScollIntoHeight" time="29.261"/>
  <system-out/>
  <testcase classname="TestCases.VerifyOmayoPage" name="VerifyButtons">
    <skipped/>
  </testcase> <!-- VerifyButtons -->
  <system-out/>
  <testcase classname="TestCases.VerifyOmayoPage" name="VerifyCheckboxEnabled">
    <skipped/>
  </testcase> <!-- VerifyCheckboxEnabled -->
  <system-out/>
  <testcase classname="TestCases.VerifyOmayoPage" name="VerifyPageScrolling">
    <skipped/>
  </testcase> <!-- VerifyPageScrolling -->
  <system-out/>
  <testcase classname="TestCases.VerifyOmayoPage" name="VerifyPageTitle">
    <skipped/>
  </testcase> <!-- VerifyPageTitle -->
  <system-out/>
  <testcase classname="TestCases.VerifyOmayoPage" name="Verifybutton">
    <skipped/>
  </testcase> <!-- Verifybutton -->
  <system-out/>
  <testcase classname="TestCases.VerifyOmayoPage" name="VerifyConfireAlert">
    <skipped/>
  </testcase> <!-- VerifyConfireAlert -->
  <system-out/>
  <testcase classname="TestCases.VerifyOmayoPage" name="VerifyPageTitle1">
    <skipped/>
  </testcase> <!-- VerifyPageTitle1 -->
  <system-out/>
  <testcase classname="TestCases.VerifyOmayoPage" name="VerifyIframe1">
    <skipped/>
  </testcase> <!-- VerifyIframe1 -->
  <system-out/>
  <testcase classname="TestCases.VerifyOmayoPage" name="VerifyLogintextEnable">
    <skipped/>
  </testcase> <!-- VerifyLogintextEnable -->
  <system-out/>
  <testcase classname="TestCases.VerifyOmayoPage" name="VerifyLogintextClickable">
    <skipped/>
  </testcase> <!-- VerifyLogintextClickable -->
  <system-out/>
  <testcase classname="TestCases.VerifyOmayoPage" name="VerifyGetPromtAlert">
    <skipped/>
  </testcase> <!-- VerifyGetPromtAlert -->
  <system-out/>
  <testcase classname="TestCases.VerifyOmayoPage" name="VerifyPageScrollingintoView">
    <skipped/>
  </testcase> <!-- VerifyPageScrollingintoView -->
  <system-out/>
  <testcase classname="TestCases.VerifyOmayoPage" name="VerifyCheckboxClikable">
    <skipped/>
  </testcase> <!-- VerifyCheckboxClikable -->
  <system-out/>
  <testcase classname="TestCases.VerifyOmayoPage" name="VerifyClickAlert">
    <skipped/>
  </testcase> <!-- VerifyClickAlert -->
  <system-out/>
  <testcase classname="TestCases.VerifyOmayoPage" name="VerifyAlllinks">
    <skipped/>
  </testcase> <!-- VerifyAlllinks -->
  <system-out/>
  <testcase classname="TestCases.VerifyOmayoPage" name="Verifylogin">
    <skipped/>
  </testcase> <!-- Verifylogin -->
  <system-out/>
  <testcase classname="TestCases.VerifyOmayoPage" name="VerifyAllButtons">
    <skipped/>
  </testcase> <!-- VerifyAllButtons -->
  <system-out/>
</testsuite> <!-- TestCases.VerifyOmayoPage -->
