<?xml version="1.0" encoding="UTF-8"?>
<!-- Generated by org.testng.reporters.JUnitReportReporter -->
<testsuite hostname="DESKTOP-7GAAMJD" failures="0" tests="4" name="TestCases.VerifyDemoQaAlerts" time="17.122" errors="0" timestamp="2023-08-23T20:35:56 IST" skipped="3">
  <testcase classname="TestCases.VerifyDemoQaAlerts" name="VerifyPromptAlert4" time="17.122"/>
  <system-out/>
  <testcase classname="TestCases.VerifyDemoQaAlerts" name="VerifyTimerAlert2">
    <skipped/>
  </testcase> <!-- VerifyTimerAlert2 -->
  <system-out/>
  <testcase classname="TestCases.VerifyDemoQaAlerts" name="VerifyAlert3">
    <skipped/>
  </testcase> <!-- VerifyAlert3 -->
  <system-out/>
  <testcase classname="TestCases.VerifyDemoQaAlerts" name="VerifyClickAlert1">
    <skipped/>
  </testcase> <!-- VerifyClickAlert1 -->
  <system-out/>
</testsuite> <!-- TestCases.VerifyDemoQaAlerts -->
