<?xml version="1.0" encoding="UTF-8"?>
<!-- Generated by org.testng.reporters.JUnitReportReporter -->
<testsuite hostname="DESKTOP-7GAAMJD" failures="0" tests="1" name="TestCases.VerifyNavigation" time="17.056" errors="0" timestamp="2023-08-23T18:10:28 IST" skipped="0">
  <testcase classname="TestCases.VerifyNavigation" name="verifyNavigations" time="17.056"/>
  <system-out/>
</testsuite> <!-- TestCases.VerifyNavigation -->
