<?xml version="1.0" encoding="UTF-8"?>
<!-- Generated by org.testng.reporters.JUnitReportReporter -->
<testsuite hostname="DESKTOP-7GAAMJD" failures="0" tests="5" name="TestCases.VerifyFilghtAnhorTag_c1" time="4.001" errors="0" timestamp="2023-08-08T18:17:44 IST" skipped="1">
  <testcase classname="TestCases.VerifyFilghtAnhorTag_c1" name="VerifyFlightlink" time="0.654"/>
  <testcase classname="TestCases.VerifyFilghtAnhorTag_c1" name="VerifyOneWayButton" time="0.702"/>
  <testcase classname="TestCases.VerifyFilghtAnhorTag_c1" name="VerifyFromText" time="1.181"/>
  <testcase classname="TestCases.VerifyFilghtAnhorTag_c1" name="VerifyToText" time="1.464"/>
  <testcase classname="TestCases.VerifyFilghtAnhorTag_c1" name="VerifyDepatureDate">
    <skipped/>
  </testcase> <!-- VerifyDepatureDate -->
</testsuite> <!-- TestCases.VerifyFilghtAnhorTag_c1 -->
